ISim log file
Running: C:\Users\lenovo\Desktop\Computer Organization\ISE\P5\P5_v1.0\mips_tb_isim_beh.exe -intstyle ise -gui -tclbatch isim.cmd -wdb C:/Users/lenovo/Desktop/Computer Organization/ISE/P5/P5_v1.0/mips_tb_isim_beh.wdb 
ISim P.20131013 (signature 0x7708f090)
WARNING: A WEBPACK license was found.
WARNING: Please use Xilinx License Configuration Manager to check out a full ISim license.
WARNING: ISim will run in Lite mode. Please refer to the ISim documentation for more information on the differences between the Lite and the Full version.
This is a Lite version of ISim.
Time resolution is 1 ps
# onerror resume
# wave add /
# run 1000 ns
Simulator is doing circuit initialization process.
Finished circuit initialization process.
                  45@00003000: $ 2 <= 00000004
                  55@00003004: $ 3 <= 00000008
                  65@00003008: $ 4 <= 0000000c
                  75@0000300c: $ 5 <= 00000018
                  85@00003010: $ 6 <= 00000014
                  95@00003014: $ 7 <= 00000020
                 105@00003018: $ 8 <= 00000058
                 115@0000301c: $ 9 <= 00000378
                 125@00003020: $ 2 <= 00000014
                 135@00003024: $ 5 <= 00000028
                 145@00003028: $ 6 <= 00000028
                 155@0000302c: $ 7 <= 00000028
                 165@00003030: $ 3 <= 00000050
                 175@00003034: $ 4 <= ffffffd8
                 185@00003038: $ 4 <= 00000028
                 195@0000303c: $ 4 <= ffffffd8
                 205@00003040: $ 4 <= 00000080
                 215@00003044: $ 6 <= 000001e4
                 225@00003048: $ 7 <= 000003d0
                 235@0000304c: $ 8 <= 000001bc
                 245@00003050: $ 3 <= 000005b4
                 255@00003054: $ 4 <= 01bc0000
                 265@00003058: $ 4 <= 00240000
                 275@0000305c: $ 4 <= 01b40000
                 285@00003060: $ 5 <= 0000058c
                 295@00003064: $ 4 <= 00000000
                 305@00003068: $ 9 <= 00000000
                 315@0000306c: $ 6 <= 00000000
                 325@00003070: $ 4 <= 00000000
                 335@00003074: $ 4 <= 0000000c
                 345@00003078: $ 3 <= 000003d0
                 355@0000307c: $ 4 <= 00000018
                 355@00003080: *00000018 <= 000003d0
                 365@00003084: *0000001c <= 00000000
                 375@00003088: *00000020 <= 0000058c
                 395@0000308c: $ 2 <= 00000014
                 405@00003090: $ 3 <= 000003d8
                 415@00003094: $ 4 <= 0000001c
                 425@00003098: $ 5 <= 0000059c
                 435@0000309c: $ 6 <= 00000014
                 445@000030a0: $ 7 <= 000003f0
                 455@000030a4: $ 8 <= 000001fc
                 465@000030a8: $ 9 <= 00000378
                 475@000030ac: $ 2 <= 000003bc
                 485@000030b0: $ 5 <= 00000778
                 495@000030b4: $ 6 <= 00000778
                 505@000030b8: $ 7 <= 00000778
                 515@000030bc: $ 3 <= 00000000
                 525@000030c0: $ 4 <= 00000778
                 535@000030c4: $ 4 <= fffff888
                 545@000030c8: $ 4 <= 00000778
                 555@000030cc: $ 4 <= 0000057c
                 565@000030d0: $ 6 <= 000005fc
                 575@000030d4: $ 7 <= 0000077c
                 585@000030d8: $ 8 <= 000005fc
                 595@000030dc: $ 3 <= fffffe80
                 605@000030e0: $ 4 <= 01bc0000
                 615@000030e4: $ 4 <= 00240000
                 625@000030e8: $ 4 <= 01b40000
                 635@000030ec: $ 5 <= 00000180
                 645@000030f0: $ 4 <= 00000000
                 655@000030f4: $ 9 <= 00000000
                 665@000030f8: $ 6 <= 00000000
                 675@000030fc: $ 4 <= 00000000
                 685@00003100: $ 4 <= 0000000c
                 695@00003104: $ 3 <= fffff884
                 705@00003108: $ 4 <= 00000000
                 705@0000310c: *00000000 <= fffff884
                 715@00003110: *00000004 <= 00000000
                 725@00003114: *00000008 <= 00000180
                 745@00003118: $ 6 <= 00000180
                 755@0000311c: $ 3 <= 00000180
                 795@0000312c: $ 7 <= 00000000
                 835@00003138: $24 <= 00000457
                 845@0000313c: $ 4 <= 00000000
                 855@00003140: $ 4 <= 00003000
                 895@00003154: $31 <= 00003000
                 905@00003158: $31 <= 00003160
