ISim log file
Running: C:\Users\lenovo\Desktop\study\ComputerOrganization\ISE\P7\P7_1.0\mips_tb_isim_beh.exe -intstyle ise -gui -tclbatch isim.cmd -wdb C:/Users/lenovo/Desktop/study/ComputerOrganization/ISE/P7/P7_1.0/mips_tb_isim_beh.wdb 
ISim P.20131013 (signature 0x7708f090)
WARNING: A WEBPACK license was found.
WARNING: Please use Xilinx License Configuration Manager to check out a full ISim license.
WARNING: ISim will run in Lite mode. Please refer to the ISim documentation for more information on the differences between the Lite and the Full version.
This is a Lite version of ISim.
Time resolution is 1 ps
# onerror resume
# wave add /
# run 1000 ns
Simulator is doing circuit initialization process.
Finished circuit initialization process.
                   9@00003000: $ 2 <= 00000236
                  13@00003008: $ 5 <= 0000000d
                  15@0000300c: $25 <= 00000401
                  15@00003010: $CP0_12 <= 00000401
                  19@00003014: $ 8 <= 8fff0000
                  21@00003018: $31 <= 00003027
                  23@0000301c: $ 1 <= ffff0000
                  25@00003020: $ 1 <= ffff8119
                  27@00003024: $ 5 <= ffff8119
                  29@00003028: $ 1 <= ffff0000
                  31@0000302c: $ 1 <= fffff028
                  33@00003030: $ 6 <= fffff028
                  35@00003034: $ 7 <= 00007f00
                  37@00003038: $16 <= 00000005
                  39@00003040: *00000008 <= ffff8119
                  45@00003048: $20 <= 00000001
                  47@0000304c: $20 <= 00000002
                  49@00003050: $20 <= 00000003
                  67@00004180: $ 6 <= 00003027
                  69@00004184: $21 <= 00003064
                  71@00004188: $ 9 <= 00000000
                  73@0000418c: $20 <= 00000000
                  75@00004190: $ 2 <= 00004180
                  77@00004194: $ 2 <= 00008300
                  77@00004198: $CP0_12 <= 00008000
                  81@0000419c: $17 <= 00008000
                  85@000041a0: $17 <= 00008000
                  85@000041a4: $CP0_12 <= 00008000
                  89@000041a8: $ 1 <= 0fff0000
                  91@000041ac: $ 1 <= 0fffffff
                  93@000041b0: $ 8 <= 9ffeffff
                  95@000041b4: $16 <= 00000010
                  97@000041b8: $31 <= 00003044
                  97@000041bc: $CP0_14 <= 00003044
                 109@00003048: $20 <= 00000001
                 111@0000304c: $20 <= 00000002
                 113@00003050: $20 <= 00000003
                 127@00003070: $CP0_12 <= 00000000
                 131@00003074: $15 <= 00000000
                 133@00003078: $20 <= 00000004
                 135@0000307c: $20 <= 00000005
                 137@00003080: $20 <= 00000006
                 139@00003084: $20 <= 00000007
                 145@0000308c: $20 <= 00000008
                 155@00004180: $ 6 <= 00000010
                 157@00004184: $21 <= 00000004
                 159@00004188: $ 9 <= 00000000
                 161@0000418c: $20 <= 00000000
                 163@00004190: $ 2 <= 00004180
                 165@00004194: $ 2 <= 00008300
                 165@00004198: $CP0_12 <= 00008000
                 169@0000419c: $17 <= 00008000
                 173@000041a0: $17 <= 00008000
                 173@000041a4: $CP0_12 <= 00008000
                 177@000041a8: $ 1 <= 0fff0000
                 179@000041ac: $ 1 <= 0fffffff
                 181@000041b0: $ 8 <= affefffe
                 183@000041b4: $16 <= 00000010
                 185@000041b8: $31 <= 00003044
                 185@000041bc: $CP0_14 <= 00003044
                 197@00003048: $20 <= 00000001
                 199@0000304c: $20 <= 00000002
                 201@00003050: $20 <= 00000003
                 215@00003070: $CP0_12 <= 00000000
                 219@00003074: $15 <= 00000000
                 221@00003078: $20 <= 00000004
                 223@0000307c: $20 <= 00000005
                 225@00003080: $20 <= 00000006
                 227@00003084: $20 <= 00000007
                 233@0000308c: $20 <= 00000008
                 243@00004180: $ 6 <= 00000010
                 245@00004184: $21 <= 00000004
                 247@00004188: $ 9 <= 00000000
                 249@0000418c: $20 <= 00000000
                 251@00004190: $ 2 <= 00004180
                 253@00004194: $ 2 <= 00008300
                 253@00004198: $CP0_12 <= 00008000
                 257@0000419c: $17 <= 00008000
                 261@000041a0: $17 <= 00008000
                 261@000041a4: $CP0_12 <= 00008000
                 265@000041a8: $ 1 <= 0fff0000
                 267@000041ac: $ 1 <= 0fffffff
                 269@000041b0: $ 8 <= bffefffd
                 271@000041b4: $16 <= 00000010
                 273@000041b8: $31 <= 00003044
                 273@000041bc: $CP0_14 <= 00003044
                 285@00003048: $20 <= 00000001
                 287@0000304c: $20 <= 00000002
                 289@00003050: $20 <= 00000003
                 303@00003070: $CP0_12 <= 00000000
                 307@00003074: $15 <= 00000000
                 309@00003078: $20 <= 00000004
                 311@0000307c: $20 <= 00000005
                 313@00003080: $20 <= 00000006
                 315@00003084: $20 <= 00000007
                 321@0000308c: $20 <= 00000008
                 331@00004180: $ 6 <= 00000010
                 333@00004184: $21 <= 00000004
                 335@00004188: $ 9 <= 00000000
                 337@0000418c: $20 <= 00000000
                 339@00004190: $ 2 <= 00004180
                 341@00004194: $ 2 <= 00008300
                 341@00004198: $CP0_12 <= 00008000
                 345@0000419c: $17 <= 00008000
                 349@000041a0: $17 <= 00008000
                 349@000041a4: $CP0_12 <= 00008000
                 353@000041a8: $ 1 <= 0fff0000
                 355@000041ac: $ 1 <= 0fffffff
                 357@000041b0: $ 8 <= cffefffc
                 359@000041b4: $16 <= 00000010
                 361@000041b8: $31 <= 00003044
                 361@000041bc: $CP0_14 <= 00003044
                 373@00003048: $20 <= 00000001
                 375@0000304c: $20 <= 00000002
                 377@00003050: $20 <= 00000003
                 391@00003070: $CP0_12 <= 00000000
                 395@00003074: $15 <= 00000000
                 397@00003078: $20 <= 00000004
                 399@0000307c: $20 <= 00000005
                 401@00003080: $20 <= 00000006
                 403@00003084: $20 <= 00000007
                 409@0000308c: $20 <= 00000008
                 419@00004180: $ 6 <= 00000010
                 421@00004184: $21 <= 00000004
                 423@00004188: $ 9 <= 00000000
                 425@0000418c: $20 <= 00000000
                 427@00004190: $ 2 <= 00004180
                 429@00004194: $ 2 <= 00008300
                 429@00004198: $CP0_12 <= 00008000
                 433@0000419c: $17 <= 00008000
                 437@000041a0: $17 <= 00008000
                 437@000041a4: $CP0_12 <= 00008000
                 441@000041a8: $ 1 <= 0fff0000
                 443@000041ac: $ 1 <= 0fffffff
                 445@000041b0: $ 8 <= dffefffb
                 447@000041b4: $16 <= 00000010
                 449@000041b8: $31 <= 00003044
                 449@000041bc: $CP0_14 <= 00003044
                 461@00003048: $20 <= 00000001
                 463@0000304c: $20 <= 00000002
                 465@00003050: $20 <= 00000003
                 479@00003070: $CP0_12 <= 00000000
                 483@00003074: $15 <= 00000000
                 485@00003078: $20 <= 00000004
                 487@0000307c: $20 <= 00000005
                 489@00003080: $20 <= 00000006
                 491@00003084: $20 <= 00000007
                 497@0000308c: $20 <= 00000008
                 507@00004180: $ 6 <= 00000010
                 509@00004184: $21 <= 00000004
                 511@00004188: $ 9 <= 00000000
                 513@0000418c: $20 <= 00000000
                 515@00004190: $ 2 <= 00004180
                 517@00004194: $ 2 <= 00008300
                 517@00004198: $CP0_12 <= 00008000
                 521@0000419c: $17 <= 00008000
                 525@000041a0: $17 <= 00008000
                 525@000041a4: $CP0_12 <= 00008000
                 529@000041a8: $ 1 <= 0fff0000
                 531@000041ac: $ 1 <= 0fffffff
                 533@000041b0: $ 8 <= effefffa
                 535@000041b4: $16 <= 00000010
                 537@000041b8: $31 <= 00003044
                 537@000041bc: $CP0_14 <= 00003044
                 549@00003048: $20 <= 00000001
                 551@0000304c: $20 <= 00000002
                 553@00003050: $20 <= 00000003
                 567@00003070: $CP0_12 <= 00000000
                 571@00003074: $15 <= 00000000
                 573@00003078: $20 <= 00000004
                 575@0000307c: $20 <= 00000005
                 577@00003080: $20 <= 00000006
                 579@00003084: $20 <= 00000007
                 585@0000308c: $20 <= 00000008
                 595@00004180: $ 6 <= 00000010
                 597@00004184: $21 <= 00000004
                 599@00004188: $ 9 <= 00000000
                 601@0000418c: $20 <= 00000000
                 603@00004190: $ 2 <= 00004180
                 605@00004194: $ 2 <= 00008300
                 605@00004198: $CP0_12 <= 00008000
                 609@0000419c: $17 <= 00008000
                 613@000041a0: $17 <= 00008000
                 613@000041a4: $CP0_12 <= 00008000
                 617@000041a8: $ 1 <= 0fff0000
                 619@000041ac: $ 1 <= 0fffffff
                 621@000041b0: $ 8 <= fffefff9
                 623@000041b4: $16 <= 00000010
                 625@000041b8: $31 <= 00003044
                 625@000041bc: $CP0_14 <= 00003044
                 637@00003048: $20 <= 00000001
                 639@0000304c: $20 <= 00000002
                 641@00003050: $20 <= 00000003
                 655@00003070: $CP0_12 <= 00000000
                 659@00003074: $15 <= 00000000
                 661@00003078: $20 <= 00000004
                 663@0000307c: $20 <= 00000005
                 665@00003080: $20 <= 00000006
                 667@00003084: $20 <= 00000007
                 673@0000308c: $20 <= 00000008
                 683@00004180: $ 6 <= 00000010
                 685@00004184: $21 <= 00000004
                 687@00004188: $ 9 <= 00000000
                 689@0000418c: $20 <= 00000000
                 691@00004190: $ 2 <= 00004180
                 693@00004194: $ 2 <= 00008300
                 693@00004198: $CP0_12 <= 00008000
                 697@0000419c: $17 <= 00008000
                 701@000041a0: $17 <= 00008000
                 701@000041a4: $CP0_12 <= 00008000
                 705@000041a8: $ 1 <= 0fff0000
                 707@000041ac: $ 1 <= 0fffffff
                 709@000041b0: $ 8 <= 0ffefff8
                 711@000041b4: $16 <= 00000010
                 713@000041b8: $31 <= 00003044
                 713@000041bc: $CP0_14 <= 00003044
                 725@00003048: $20 <= 00000001
                 727@0000304c: $20 <= 00000002
                 729@00003050: $20 <= 00000003
                 743@00003070: $CP0_12 <= 00000000
                 747@00003074: $15 <= 00000000
                 749@00003078: $20 <= 00000004
                 751@0000307c: $20 <= 00000005
                 753@00003080: $20 <= 00000006
                 755@00003084: $20 <= 00000007
                 761@0000308c: $20 <= 00000008
                 771@00004180: $ 6 <= 00000010
                 773@00004184: $21 <= 00000004
                 775@00004188: $ 9 <= 00000000
                 777@0000418c: $20 <= 00000000
                 779@00004190: $ 2 <= 00004180
                 781@00004194: $ 2 <= 00008300
                 781@00004198: $CP0_12 <= 00008000
                 785@0000419c: $17 <= 00008000
                 789@000041a0: $17 <= 00008000
                 789@000041a4: $CP0_12 <= 00008000
                 793@000041a8: $ 1 <= 0fff0000
                 795@000041ac: $ 1 <= 0fffffff
                 797@000041b0: $ 8 <= 1ffefff7
                 799@000041b4: $16 <= 00000010
                 801@000041b8: $31 <= 00003044
                 801@000041bc: $CP0_14 <= 00003044
                 813@00003048: $20 <= 00000001
                 815@0000304c: $20 <= 00000002
                 817@00003050: $20 <= 00000003
                 831@00003070: $CP0_12 <= 00000000
                 835@00003074: $15 <= 00000000
                 837@00003078: $20 <= 00000004
                 839@0000307c: $20 <= 00000005
                 841@00003080: $20 <= 00000006
                 843@00003084: $20 <= 00000007
                 849@0000308c: $20 <= 00000008
                 859@00004180: $ 6 <= 00000010
                 861@00004184: $21 <= 00000004
                 863@00004188: $ 9 <= 00000000
                 865@0000418c: $20 <= 00000000
                 867@00004190: $ 2 <= 00004180
                 869@00004194: $ 2 <= 00008300
                 869@00004198: $CP0_12 <= 00008000
                 873@0000419c: $17 <= 00008000
                 877@000041a0: $17 <= 00008000
                 877@000041a4: $CP0_12 <= 00008000
                 881@000041a8: $ 1 <= 0fff0000
                 883@000041ac: $ 1 <= 0fffffff
                 885@000041b0: $ 8 <= 2ffefff6
                 887@000041b4: $16 <= 00000010
                 889@000041b8: $31 <= 00003044
                 889@000041bc: $CP0_14 <= 00003044
                 901@00003048: $20 <= 00000001
                 903@0000304c: $20 <= 00000002
                 905@00003050: $20 <= 00000003
                 919@00003070: $CP0_12 <= 00000000
                 923@00003074: $15 <= 00000000
                 925@00003078: $20 <= 00000004
                 927@0000307c: $20 <= 00000005
                 929@00003080: $20 <= 00000006
                 931@00003084: $20 <= 00000007
                 937@0000308c: $20 <= 00000008
                 947@00004180: $ 6 <= 00000010
                 949@00004184: $21 <= 00000004
                 951@00004188: $ 9 <= 00000000
                 953@0000418c: $20 <= 00000000
                 955@00004190: $ 2 <= 00004180
                 957@00004194: $ 2 <= 00008300
                 957@00004198: $CP0_12 <= 00008000
                 961@0000419c: $17 <= 00008000
                 965@000041a0: $17 <= 00008000
                 965@000041a4: $CP0_12 <= 00008000
                 969@000041a8: $ 1 <= 0fff0000
                 971@000041ac: $ 1 <= 0fffffff
                 973@000041b0: $ 8 <= 3ffefff5
                 975@000041b4: $16 <= 00000010
                 977@000041b8: $31 <= 00003044
                 977@000041bc: $CP0_14 <= 00003044
                 989@00003048: $20 <= 00000001
                 991@0000304c: $20 <= 00000002
                 993@00003050: $20 <= 00000003
# restart
# run 1.00us
Simulator is doing circuit initialization process.
Finished circuit initialization process.
                   9@00003000: $ 2 <= 00000236
                  13@00003008: $ 5 <= 0000000d
                  15@0000300c: $25 <= 00000401
                  15@00003010: $CP0_12 <= 00000401
                  19@00003014: $ 8 <= 8fff0000
                  21@00003018: $31 <= 00003027
                  23@0000301c: $ 1 <= ffff0000
                  25@00003020: $ 1 <= ffff8119
                  27@00003024: $ 5 <= ffff8119
                  29@00003028: $ 1 <= ffff0000
                  31@0000302c: $ 1 <= fffff028
                  33@00003030: $ 6 <= fffff028
                  35@00003034: $ 7 <= 00007f00
                  37@00003038: $16 <= 00000005
                  39@00003040: *00000008 <= ffff8119
                  45@00003048: $20 <= 00000001
                  47@0000304c: $20 <= 00000002
                  49@00003050: $20 <= 00000003
                  67@00004180: $ 6 <= 00003027
                  69@00004184: $21 <= 00003064
                  71@00004188: $ 9 <= 00000000
                  73@0000418c: $20 <= 00000000
                  75@00004190: $ 2 <= 00004180
                  77@00004194: $ 2 <= 00008300
                  77@00004198: $CP0_12 <= 00008000
                  81@0000419c: $17 <= 00008000
                  85@000041a0: $17 <= 00008000
                  85@000041a4: $CP0_12 <= 00008000
                  89@000041a8: $ 1 <= 0fff0000
                  91@000041ac: $ 1 <= 0fffffff
                  93@000041b0: $ 8 <= 9ffeffff
                  95@000041b4: $16 <= 00000010
                  97@000041b8: $31 <= 00003044
                  97@000041bc: $CP0_14 <= 00003044
                 109@00003048: $20 <= 00000001
                 111@0000304c: $20 <= 00000002
                 113@00003050: $20 <= 00000003
                 127@00003070: $CP0_12 <= 00000000
                 131@00003074: $15 <= 00000000
                 133@00003078: $20 <= 00000004
                 135@0000307c: $20 <= 00000005
                 137@00003080: $20 <= 00000006
                 139@00003084: $20 <= 00000007
                 145@0000308c: $20 <= 00000008
                 155@00004180: $ 6 <= 00000010
                 157@00004184: $21 <= 00000004
                 159@00004188: $ 9 <= 00000000
                 161@0000418c: $20 <= 00000000
                 163@00004190: $ 2 <= 00004180
                 165@00004194: $ 2 <= 00008300
                 165@00004198: $CP0_12 <= 00008000
                 169@0000419c: $17 <= 00008000
                 173@000041a0: $17 <= 00008000
                 173@000041a4: $CP0_12 <= 00008000
                 177@000041a8: $ 1 <= 0fff0000
                 179@000041ac: $ 1 <= 0fffffff
                 181@000041b0: $ 8 <= affefffe
                 183@000041b4: $16 <= 00000010
                 185@000041b8: $31 <= 00003044
                 185@000041bc: $CP0_14 <= 00003044
                 197@00003048: $20 <= 00000001
                 199@0000304c: $20 <= 00000002
                 201@00003050: $20 <= 00000003
                 215@00003070: $CP0_12 <= 00000000
                 219@00003074: $15 <= 00000000
                 221@00003078: $20 <= 00000004
                 223@0000307c: $20 <= 00000005
                 225@00003080: $20 <= 00000006
                 227@00003084: $20 <= 00000007
                 233@0000308c: $20 <= 00000008
                 243@00004180: $ 6 <= 00000010
                 245@00004184: $21 <= 00000004
                 247@00004188: $ 9 <= 00000000
                 249@0000418c: $20 <= 00000000
                 251@00004190: $ 2 <= 00004180
                 253@00004194: $ 2 <= 00008300
                 253@00004198: $CP0_12 <= 00008000
                 257@0000419c: $17 <= 00008000
                 261@000041a0: $17 <= 00008000
                 261@000041a4: $CP0_12 <= 00008000
                 265@000041a8: $ 1 <= 0fff0000
                 267@000041ac: $ 1 <= 0fffffff
                 269@000041b0: $ 8 <= bffefffd
                 271@000041b4: $16 <= 00000010
                 273@000041b8: $31 <= 00003044
                 273@000041bc: $CP0_14 <= 00003044
                 285@00003048: $20 <= 00000001
                 287@0000304c: $20 <= 00000002
                 289@00003050: $20 <= 00000003
                 303@00003070: $CP0_12 <= 00000000
                 307@00003074: $15 <= 00000000
                 309@00003078: $20 <= 00000004
                 311@0000307c: $20 <= 00000005
                 313@00003080: $20 <= 00000006
                 315@00003084: $20 <= 00000007
                 321@0000308c: $20 <= 00000008
                 331@00004180: $ 6 <= 00000010
                 333@00004184: $21 <= 00000004
                 335@00004188: $ 9 <= 00000000
                 337@0000418c: $20 <= 00000000
                 339@00004190: $ 2 <= 00004180
                 341@00004194: $ 2 <= 00008300
                 341@00004198: $CP0_12 <= 00008000
                 345@0000419c: $17 <= 00008000
                 349@000041a0: $17 <= 00008000
                 349@000041a4: $CP0_12 <= 00008000
                 353@000041a8: $ 1 <= 0fff0000
                 355@000041ac: $ 1 <= 0fffffff
                 357@000041b0: $ 8 <= cffefffc
                 359@000041b4: $16 <= 00000010
                 361@000041b8: $31 <= 00003044
                 361@000041bc: $CP0_14 <= 00003044
                 373@00003048: $20 <= 00000001
                 375@0000304c: $20 <= 00000002
                 377@00003050: $20 <= 00000003
                 391@00003070: $CP0_12 <= 00000000
                 395@00003074: $15 <= 00000000
                 397@00003078: $20 <= 00000004
                 399@0000307c: $20 <= 00000005
                 401@00003080: $20 <= 00000006
                 403@00003084: $20 <= 00000007
                 409@0000308c: $20 <= 00000008
                 419@00004180: $ 6 <= 00000010
                 421@00004184: $21 <= 00000004
                 423@00004188: $ 9 <= 00000000
                 425@0000418c: $20 <= 00000000
                 427@00004190: $ 2 <= 00004180
                 429@00004194: $ 2 <= 00008300
                 429@00004198: $CP0_12 <= 00008000
                 433@0000419c: $17 <= 00008000
                 437@000041a0: $17 <= 00008000
                 437@000041a4: $CP0_12 <= 00008000
                 441@000041a8: $ 1 <= 0fff0000
                 443@000041ac: $ 1 <= 0fffffff
                 445@000041b0: $ 8 <= dffefffb
                 447@000041b4: $16 <= 00000010
                 449@000041b8: $31 <= 00003044
                 449@000041bc: $CP0_14 <= 00003044
                 461@00003048: $20 <= 00000001
                 463@0000304c: $20 <= 00000002
                 465@00003050: $20 <= 00000003
                 479@00003070: $CP0_12 <= 00000000
                 483@00003074: $15 <= 00000000
                 485@00003078: $20 <= 00000004
                 487@0000307c: $20 <= 00000005
                 489@00003080: $20 <= 00000006
                 491@00003084: $20 <= 00000007
                 497@0000308c: $20 <= 00000008
                 507@00004180: $ 6 <= 00000010
                 509@00004184: $21 <= 00000004
                 511@00004188: $ 9 <= 00000000
                 513@0000418c: $20 <= 00000000
                 515@00004190: $ 2 <= 00004180
                 517@00004194: $ 2 <= 00008300
                 517@00004198: $CP0_12 <= 00008000
                 521@0000419c: $17 <= 00008000
                 525@000041a0: $17 <= 00008000
                 525@000041a4: $CP0_12 <= 00008000
                 529@000041a8: $ 1 <= 0fff0000
                 531@000041ac: $ 1 <= 0fffffff
                 533@000041b0: $ 8 <= effefffa
                 535@000041b4: $16 <= 00000010
                 537@000041b8: $31 <= 00003044
                 537@000041bc: $CP0_14 <= 00003044
                 549@00003048: $20 <= 00000001
                 551@0000304c: $20 <= 00000002
                 553@00003050: $20 <= 00000003
                 567@00003070: $CP0_12 <= 00000000
                 571@00003074: $15 <= 00000000
                 573@00003078: $20 <= 00000004
                 575@0000307c: $20 <= 00000005
                 577@00003080: $20 <= 00000006
                 579@00003084: $20 <= 00000007
                 585@0000308c: $20 <= 00000008
                 595@00004180: $ 6 <= 00000010
                 597@00004184: $21 <= 00000004
                 599@00004188: $ 9 <= 00000000
                 601@0000418c: $20 <= 00000000
                 603@00004190: $ 2 <= 00004180
                 605@00004194: $ 2 <= 00008300
                 605@00004198: $CP0_12 <= 00008000
                 609@0000419c: $17 <= 00008000
                 613@000041a0: $17 <= 00008000
                 613@000041a4: $CP0_12 <= 00008000
                 617@000041a8: $ 1 <= 0fff0000
                 619@000041ac: $ 1 <= 0fffffff
                 621@000041b0: $ 8 <= fffefff9
                 623@000041b4: $16 <= 00000010
                 625@000041b8: $31 <= 00003044
                 625@000041bc: $CP0_14 <= 00003044
                 637@00003048: $20 <= 00000001
                 639@0000304c: $20 <= 00000002
                 641@00003050: $20 <= 00000003
                 655@00003070: $CP0_12 <= 00000000
                 659@00003074: $15 <= 00000000
                 661@00003078: $20 <= 00000004
                 663@0000307c: $20 <= 00000005
                 665@00003080: $20 <= 00000006
                 667@00003084: $20 <= 00000007
                 673@0000308c: $20 <= 00000008
                 683@00004180: $ 6 <= 00000010
                 685@00004184: $21 <= 00000004
                 687@00004188: $ 9 <= 00000000
                 689@0000418c: $20 <= 00000000
                 691@00004190: $ 2 <= 00004180
                 693@00004194: $ 2 <= 00008300
                 693@00004198: $CP0_12 <= 00008000
                 697@0000419c: $17 <= 00008000
                 701@000041a0: $17 <= 00008000
                 701@000041a4: $CP0_12 <= 00008000
                 705@000041a8: $ 1 <= 0fff0000
                 707@000041ac: $ 1 <= 0fffffff
                 709@000041b0: $ 8 <= 0ffefff8
                 711@000041b4: $16 <= 00000010
                 713@000041b8: $31 <= 00003044
                 713@000041bc: $CP0_14 <= 00003044
                 725@00003048: $20 <= 00000001
                 727@0000304c: $20 <= 00000002
                 729@00003050: $20 <= 00000003
                 743@00003070: $CP0_12 <= 00000000
                 747@00003074: $15 <= 00000000
                 749@00003078: $20 <= 00000004
                 751@0000307c: $20 <= 00000005
                 753@00003080: $20 <= 00000006
                 755@00003084: $20 <= 00000007
                 761@0000308c: $20 <= 00000008
                 771@00004180: $ 6 <= 00000010
                 773@00004184: $21 <= 00000004
                 775@00004188: $ 9 <= 00000000
                 777@0000418c: $20 <= 00000000
                 779@00004190: $ 2 <= 00004180
                 781@00004194: $ 2 <= 00008300
                 781@00004198: $CP0_12 <= 00008000
                 785@0000419c: $17 <= 00008000
                 789@000041a0: $17 <= 00008000
                 789@000041a4: $CP0_12 <= 00008000
                 793@000041a8: $ 1 <= 0fff0000
                 795@000041ac: $ 1 <= 0fffffff
                 797@000041b0: $ 8 <= 1ffefff7
                 799@000041b4: $16 <= 00000010
                 801@000041b8: $31 <= 00003044
                 801@000041bc: $CP0_14 <= 00003044
                 813@00003048: $20 <= 00000001
                 815@0000304c: $20 <= 00000002
                 817@00003050: $20 <= 00000003
                 831@00003070: $CP0_12 <= 00000000
                 835@00003074: $15 <= 00000000
                 837@00003078: $20 <= 00000004
                 839@0000307c: $20 <= 00000005
                 841@00003080: $20 <= 00000006
                 843@00003084: $20 <= 00000007
                 849@0000308c: $20 <= 00000008
                 859@00004180: $ 6 <= 00000010
                 861@00004184: $21 <= 00000004
                 863@00004188: $ 9 <= 00000000
                 865@0000418c: $20 <= 00000000
                 867@00004190: $ 2 <= 00004180
                 869@00004194: $ 2 <= 00008300
                 869@00004198: $CP0_12 <= 00008000
                 873@0000419c: $17 <= 00008000
                 877@000041a0: $17 <= 00008000
                 877@000041a4: $CP0_12 <= 00008000
                 881@000041a8: $ 1 <= 0fff0000
                 883@000041ac: $ 1 <= 0fffffff
                 885@000041b0: $ 8 <= 2ffefff6
                 887@000041b4: $16 <= 00000010
                 889@000041b8: $31 <= 00003044
                 889@000041bc: $CP0_14 <= 00003044
                 901@00003048: $20 <= 00000001
                 903@0000304c: $20 <= 00000002
                 905@00003050: $20 <= 00000003
                 919@00003070: $CP0_12 <= 00000000
                 923@00003074: $15 <= 00000000
                 925@00003078: $20 <= 00000004
                 927@0000307c: $20 <= 00000005
                 929@00003080: $20 <= 00000006
                 931@00003084: $20 <= 00000007
                 937@0000308c: $20 <= 00000008
                 947@00004180: $ 6 <= 00000010
                 949@00004184: $21 <= 00000004
                 951@00004188: $ 9 <= 00000000
                 953@0000418c: $20 <= 00000000
                 955@00004190: $ 2 <= 00004180
                 957@00004194: $ 2 <= 00008300
                 957@00004198: $CP0_12 <= 00008000
                 961@0000419c: $17 <= 00008000
                 965@000041a0: $17 <= 00008000
                 965@000041a4: $CP0_12 <= 00008000
                 969@000041a8: $ 1 <= 0fff0000
                 971@000041ac: $ 1 <= 0fffffff
                 973@000041b0: $ 8 <= 3ffefff5
                 975@000041b4: $16 <= 00000010
                 977@000041b8: $31 <= 00003044
                 977@000041bc: $CP0_14 <= 00003044
                 989@00003048: $20 <= 00000001
                 991@0000304c: $20 <= 00000002
                 993@00003050: $20 <= 00000003
ISim P.20131013 (signature 0x7708f090)
WARNING: A WEBPACK license was found.
WARNING: Please use Xilinx License Configuration Manager to check out a full ISim license.
WARNING: ISim will run in Lite mode. Please refer to the ISim documentation for more information on the differences between the Lite and the Full version.
This is a Lite version of ISim.
# run 1000 ns
Simulator is doing circuit initialization process.
Finished circuit initialization process.
                   9@00003000: $ 2 <= 00000236
                  13@00003008: $ 5 <= 0000000d
                  15@0000300c: $25 <= 00000401
                  19@00003014: $ 8 <= 8fff0000
                  21@00003018: $31 <= 00003027
                  23@0000301c: $ 1 <= ffff0000
                  25@00003020: $ 1 <= ffff8119
                  27@00003024: $ 5 <= ffff8119
                  29@00003028: $ 1 <= ffff0000
                  31@0000302c: $ 1 <= fffff028
                  33@00003030: $ 6 <= fffff028
                  35@00003034: $ 7 <= 00007f00
                  37@00003038: $16 <= 00000005
                  39@00003040: *00000008 <= ffff8119
                  45@00003048: $20 <= 00000001
                  47@0000304c: $20 <= 00000002
                  49@00003050: $20 <= 00000003
                  67@00004180: $ 6 <= 00003027
                  69@00004184: $21 <= 00003064
                  71@00004188: $ 9 <= 00000000
                  73@0000418c: $20 <= 00000000
                  75@00004190: $ 2 <= 00004180
                  77@00004194: $ 2 <= 00008300
                  81@0000419c: $17 <= 00008000
                  85@000041a0: $17 <= 00008000
                  89@000041a8: $ 1 <= 0fff0000
                  91@000041ac: $ 1 <= 0fffffff
                  93@000041b0: $ 8 <= 9ffeffff
                  95@000041b4: $16 <= 00000010
                  97@000041b8: $31 <= 00003044
                 109@00003048: $20 <= 00000001
                 111@0000304c: $20 <= 00000002
                 113@00003050: $20 <= 00000003
                 131@00003074: $15 <= 00000000
                 133@00003078: $20 <= 00000004
                 135@0000307c: $20 <= 00000005
                 137@00003080: $20 <= 00000006
                 139@00003084: $20 <= 00000007
                 145@0000308c: $20 <= 00000008
                 155@00004180: $ 6 <= 00000010
                 157@00004184: $21 <= 00000004
                 159@00004188: $ 9 <= 00000000
                 161@0000418c: $20 <= 00000000
                 163@00004190: $ 2 <= 00004180
                 165@00004194: $ 2 <= 00008300
                 169@0000419c: $17 <= 00008000
                 173@000041a0: $17 <= 00008000
                 177@000041a8: $ 1 <= 0fff0000
                 179@000041ac: $ 1 <= 0fffffff
                 181@000041b0: $ 8 <= affefffe
                 183@000041b4: $16 <= 00000010
                 185@000041b8: $31 <= 00003044
                 197@00003048: $20 <= 00000001
                 199@0000304c: $20 <= 00000002
                 201@00003050: $20 <= 00000003
                 219@00003074: $15 <= 00000000
                 221@00003078: $20 <= 00000004
                 223@0000307c: $20 <= 00000005
                 225@00003080: $20 <= 00000006
                 227@00003084: $20 <= 00000007
                 233@0000308c: $20 <= 00000008
                 243@00004180: $ 6 <= 00000010
                 245@00004184: $21 <= 00000004
                 247@00004188: $ 9 <= 00000000
                 249@0000418c: $20 <= 00000000
                 251@00004190: $ 2 <= 00004180
                 253@00004194: $ 2 <= 00008300
                 257@0000419c: $17 <= 00008000
                 261@000041a0: $17 <= 00008000
                 265@000041a8: $ 1 <= 0fff0000
                 267@000041ac: $ 1 <= 0fffffff
                 269@000041b0: $ 8 <= bffefffd
                 271@000041b4: $16 <= 00000010
                 273@000041b8: $31 <= 00003044
                 285@00003048: $20 <= 00000001
                 287@0000304c: $20 <= 00000002
                 289@00003050: $20 <= 00000003
                 307@00003074: $15 <= 00000000
                 309@00003078: $20 <= 00000004
                 311@0000307c: $20 <= 00000005
                 313@00003080: $20 <= 00000006
                 315@00003084: $20 <= 00000007
                 321@0000308c: $20 <= 00000008
                 331@00004180: $ 6 <= 00000010
                 333@00004184: $21 <= 00000004
                 335@00004188: $ 9 <= 00000000
                 337@0000418c: $20 <= 00000000
                 339@00004190: $ 2 <= 00004180
                 341@00004194: $ 2 <= 00008300
                 345@0000419c: $17 <= 00008000
                 349@000041a0: $17 <= 00008000
                 353@000041a8: $ 1 <= 0fff0000
                 355@000041ac: $ 1 <= 0fffffff
                 357@000041b0: $ 8 <= cffefffc
                 359@000041b4: $16 <= 00000010
                 361@000041b8: $31 <= 00003044
                 373@00003048: $20 <= 00000001
                 375@0000304c: $20 <= 00000002
                 377@00003050: $20 <= 00000003
                 395@00003074: $15 <= 00000000
                 397@00003078: $20 <= 00000004
                 399@0000307c: $20 <= 00000005
                 401@00003080: $20 <= 00000006
                 403@00003084: $20 <= 00000007
                 409@0000308c: $20 <= 00000008
                 419@00004180: $ 6 <= 00000010
                 421@00004184: $21 <= 00000004
                 423@00004188: $ 9 <= 00000000
                 425@0000418c: $20 <= 00000000
                 427@00004190: $ 2 <= 00004180
                 429@00004194: $ 2 <= 00008300
                 433@0000419c: $17 <= 00008000
                 437@000041a0: $17 <= 00008000
                 441@000041a8: $ 1 <= 0fff0000
                 443@000041ac: $ 1 <= 0fffffff
                 445@000041b0: $ 8 <= dffefffb
                 447@000041b4: $16 <= 00000010
                 449@000041b8: $31 <= 00003044
                 461@00003048: $20 <= 00000001
                 463@0000304c: $20 <= 00000002
                 465@00003050: $20 <= 00000003
                 483@00003074: $15 <= 00000000
                 485@00003078: $20 <= 00000004
                 487@0000307c: $20 <= 00000005
                 489@00003080: $20 <= 00000006
                 491@00003084: $20 <= 00000007
                 497@0000308c: $20 <= 00000008
                 507@00004180: $ 6 <= 00000010
                 509@00004184: $21 <= 00000004
                 511@00004188: $ 9 <= 00000000
                 513@0000418c: $20 <= 00000000
                 515@00004190: $ 2 <= 00004180
                 517@00004194: $ 2 <= 00008300
                 521@0000419c: $17 <= 00008000
                 525@000041a0: $17 <= 00008000
                 529@000041a8: $ 1 <= 0fff0000
                 531@000041ac: $ 1 <= 0fffffff
                 533@000041b0: $ 8 <= effefffa
                 535@000041b4: $16 <= 00000010
                 537@000041b8: $31 <= 00003044
                 549@00003048: $20 <= 00000001
                 551@0000304c: $20 <= 00000002
                 553@00003050: $20 <= 00000003
                 571@00003074: $15 <= 00000000
                 573@00003078: $20 <= 00000004
                 575@0000307c: $20 <= 00000005
                 577@00003080: $20 <= 00000006
                 579@00003084: $20 <= 00000007
                 585@0000308c: $20 <= 00000008
                 595@00004180: $ 6 <= 00000010
                 597@00004184: $21 <= 00000004
                 599@00004188: $ 9 <= 00000000
                 601@0000418c: $20 <= 00000000
                 603@00004190: $ 2 <= 00004180
                 605@00004194: $ 2 <= 00008300
                 609@0000419c: $17 <= 00008000
                 613@000041a0: $17 <= 00008000
                 617@000041a8: $ 1 <= 0fff0000
                 619@000041ac: $ 1 <= 0fffffff
                 621@000041b0: $ 8 <= fffefff9
                 623@000041b4: $16 <= 00000010
                 625@000041b8: $31 <= 00003044
                 637@00003048: $20 <= 00000001
                 639@0000304c: $20 <= 00000002
                 641@00003050: $20 <= 00000003
                 659@00003074: $15 <= 00000000
                 661@00003078: $20 <= 00000004
                 663@0000307c: $20 <= 00000005
                 665@00003080: $20 <= 00000006
                 667@00003084: $20 <= 00000007
                 673@0000308c: $20 <= 00000008
                 683@00004180: $ 6 <= 00000010
                 685@00004184: $21 <= 00000004
                 687@00004188: $ 9 <= 00000000
                 689@0000418c: $20 <= 00000000
                 691@00004190: $ 2 <= 00004180
                 693@00004194: $ 2 <= 00008300
                 697@0000419c: $17 <= 00008000
                 701@000041a0: $17 <= 00008000
                 705@000041a8: $ 1 <= 0fff0000
                 707@000041ac: $ 1 <= 0fffffff
                 709@000041b0: $ 8 <= 0ffefff8
                 711@000041b4: $16 <= 00000010
                 713@000041b8: $31 <= 00003044
                 725@00003048: $20 <= 00000001
                 727@0000304c: $20 <= 00000002
                 729@00003050: $20 <= 00000003
                 747@00003074: $15 <= 00000000
                 749@00003078: $20 <= 00000004
                 751@0000307c: $20 <= 00000005
                 753@00003080: $20 <= 00000006
                 755@00003084: $20 <= 00000007
                 761@0000308c: $20 <= 00000008
                 771@00004180: $ 6 <= 00000010
                 773@00004184: $21 <= 00000004
                 775@00004188: $ 9 <= 00000000
                 777@0000418c: $20 <= 00000000
                 779@00004190: $ 2 <= 00004180
                 781@00004194: $ 2 <= 00008300
                 785@0000419c: $17 <= 00008000
                 789@000041a0: $17 <= 00008000
                 793@000041a8: $ 1 <= 0fff0000
                 795@000041ac: $ 1 <= 0fffffff
                 797@000041b0: $ 8 <= 1ffefff7
                 799@000041b4: $16 <= 00000010
                 801@000041b8: $31 <= 00003044
                 813@00003048: $20 <= 00000001
                 815@0000304c: $20 <= 00000002
                 817@00003050: $20 <= 00000003
                 835@00003074: $15 <= 00000000
                 837@00003078: $20 <= 00000004
                 839@0000307c: $20 <= 00000005
                 841@00003080: $20 <= 00000006
                 843@00003084: $20 <= 00000007
                 849@0000308c: $20 <= 00000008
                 859@00004180: $ 6 <= 00000010
                 861@00004184: $21 <= 00000004
                 863@00004188: $ 9 <= 00000000
                 865@0000418c: $20 <= 00000000
                 867@00004190: $ 2 <= 00004180
                 869@00004194: $ 2 <= 00008300
                 873@0000419c: $17 <= 00008000
                 877@000041a0: $17 <= 00008000
                 881@000041a8: $ 1 <= 0fff0000
                 883@000041ac: $ 1 <= 0fffffff
                 885@000041b0: $ 8 <= 2ffefff6
                 887@000041b4: $16 <= 00000010
                 889@000041b8: $31 <= 00003044
                 901@00003048: $20 <= 00000001
                 903@0000304c: $20 <= 00000002
                 905@00003050: $20 <= 00000003
                 923@00003074: $15 <= 00000000
                 925@00003078: $20 <= 00000004
                 927@0000307c: $20 <= 00000005
                 929@00003080: $20 <= 00000006
                 931@00003084: $20 <= 00000007
                 937@0000308c: $20 <= 00000008
                 947@00004180: $ 6 <= 00000010
                 949@00004184: $21 <= 00000004
                 951@00004188: $ 9 <= 00000000
                 953@0000418c: $20 <= 00000000
                 955@00004190: $ 2 <= 00004180
                 957@00004194: $ 2 <= 00008300
                 961@0000419c: $17 <= 00008000
                 965@000041a0: $17 <= 00008000
                 969@000041a8: $ 1 <= 0fff0000
                 971@000041ac: $ 1 <= 0fffffff
                 973@000041b0: $ 8 <= 3ffefff5
                 975@000041b4: $16 <= 00000010
                 977@000041b8: $31 <= 00003044
                 989@00003048: $20 <= 00000001
                 991@0000304c: $20 <= 00000002
                 993@00003050: $20 <= 00000003
