Running: F:\Xilinx\14.7\ISE_DS\ISE\bin\nt64\unwrapped\fuse.exe -intstyle ise -incremental -lib unisims_ver -lib unimacro_ver -lib xilinxcorelib_ver -o C:/Users/lenovo/Desktop/Computer Organization/ISE/P4/P4_2.0/P4_2.0/mips_tb_isim_beh.exe -prj C:/Users/lenovo/Desktop/Computer Organization/ISE/P4/P4_2.0/P4_2.0/mips_tb_beh.prj work.mips_tb work.glbl 
ISim P.20131013 (signature 0x7708f090)
Number of CPUs detected in this system: 4
Turning on mult-threading, number of parallel sub-compilation jobs: 8 
Determining compilation order of HDL files
Analyzing Verilog file "C:/Users/lenovo/Desktop/Computer Organization/ISE/P4/P4_2.0/P4_2.0/../IFU.v" into library work
Analyzing Verilog file "C:/Users/lenovo/Desktop/Computer Organization/ISE/P4/P4_2.0/P4_2.0/../GRF.v" into library work
Analyzing Verilog file "C:/Users/lenovo/Desktop/Computer Organization/ISE/P4/P4_2.0/P4_2.0/../EXT.v" into library work
Analyzing Verilog file "C:/Users/lenovo/Desktop/Computer Organization/ISE/P4/P4_2.0/P4_2.0/../DM.v" into library work
Analyzing Verilog file "C:/Users/lenovo/Desktop/Computer Organization/ISE/P4/P4_2.0/P4_2.0/../DC.v" into library work
Analyzing Verilog file "C:/Users/lenovo/Desktop/Computer Organization/ISE/P4/P4_2.0/P4_2.0/../Controller.v" into library work
Analyzing Verilog file "C:/Users/lenovo/Desktop/Computer Organization/ISE/P4/P4_2.0/P4_2.0/../ALU.v" into library work
Analyzing Verilog file "C:/Users/lenovo/Desktop/Computer Organization/ISE/P4/P4_2.0/P4_2.0/../mips.v" into library work
Analyzing Verilog file "C:/Users/lenovo/Desktop/Computer Organization/ISE/P4/P4_2.0/P4_2.0/../mips_tb.v" into library work
Analyzing Verilog file "F:/Xilinx/14.7/ISE_DS/ISE//verilog/src/glbl.v" into library work
Starting static elaboration
Completed static elaboration
Compiling module Controller
Compiling module IFU
Compiling module DC
Compiling module GRF
Compiling module EXT
Compiling module ALU
Compiling module DM
Compiling module mips
Compiling module mips_tb
Compiling module glbl
Time Resolution for simulation is 1ps.
Waiting for 3 sub-compilation(s) to finish...
WARNING:Simulator - Unable to copy libPortabilityNOSH.dll to the simulation executable directory: boost::filesystem::copy_file: 系统找不到指定的路径。, "isim\mips_tb_isim_beh.exe.sim\libPortability.dll".
Compiled 10 Verilog Units
Built simulation executable C:/Users/lenovo/Desktop/Computer Organization/ISE/P4/P4_2.0/P4_2.0/mips_tb_isim_beh.exe
Fuse Memory Usage: 28696 KB
Fuse CPU Usage: 1093 ms
