ISim log file
Running: C:\Users\lenovo\Desktop\Computer Organization\ISE\P4\P4_Verilog\mips_tb_isim_beh.exe -intstyle ise -gui -tclbatch isim.cmd -wdb C:/Users/lenovo/Desktop/Computer Organization/ISE/P4/P4_Verilog/mips_tb_isim_beh.wdb 
ISim P.20131013 (signature 0x7708f090)
WARNING: A WEBPACK license was found.
WARNING: Please use Xilinx License Configuration Manager to check out a full ISim license.
WARNING: ISim will run in Lite mode. Please refer to the ISim documentation for more information on the differences between the Lite and the Full version.
This is a Lite version of ISim.
Time resolution is 1 ps
# onerror resume
# wave add /
# run 1000 ns
Simulator is doing circuit initialization process.
Finished circuit initialization process.
@00003000: $ 8 <= 00000001
@00003004: $ 9 <= 00000001
@00003008: $10 <= 00000001
@0000300c: $31 <= 00003010
@00003018: $ 8 <= 00000002
@00003010: $ 9 <= 00000002
@00003014: $31 <= 00003018
# restart
# run 1.00us
Simulator is doing circuit initialization process.
Finished circuit initialization process.
@00003004: $ 4 <= 0000007b
@00003008: $ 5 <= 000001fb
@0000300c: $ 6 <= 007b0000
@00003010: $ 7 <= ffff0000
@00003014: $ 7 <= ffffffff
@0000301c: $16 <= 007b007b
@00003020: $17 <= 0000007a
@00003024: $18 <= fffffffe
@00003028: $19 <= ff85007b
@0000302c: $20 <= 0000007c
@00003030: $21 <= 00000000
@00003034: $ 8 <= 00000000
@00003038: *00000000 <= 0000007b
@0000303c: *00000004 <= 000001fb
@00003040: *00000008 <= 007b0000
@00003044: *0000000c <= ffffffff
@00003048: *00000010 <= 007b007b
@0000304c: *00000014 <= 0000007a
@00003050: *00000018 <= fffffffe
@00003058: $16 <= fffffffe
@0000305c: $18 <= 007b007b
@00003060: $16 <= 00000002
@00003064: $17 <= 00000003
@00003068: $ 8 <= 00000001
@0000306c: $16 <= 00000003
@0000306c: $16 <= 00000004
@00003074: $22 <= 0000007b
@00003084: *00000020 <= 0000007b
