ISim log file
Running: C:\Users\lenovo\Desktop\study\Computer Organization\ISE\P5\P5.5\mips_tb_isim_beh.exe -intstyle ise -gui -tclbatch isim.cmd -wdb C:/Users/lenovo/Desktop/study/Computer Organization/ISE/P5/P5.5/mips_tb_isim_beh.wdb 
ISim P.20131013 (signature 0x7708f090)
WARNING: A WEBPACK license was found.
WARNING: Please use Xilinx License Configuration Manager to check out a full ISim license.
WARNING: ISim will run in Lite mode. Please refer to the ISim documentation for more information on the differences between the Lite and the Full version.
This is a Lite version of ISim.
Time resolution is 1 ps
# onerror resume
# wave add /
# run 1000 ns
Simulator is doing circuit initialization process.
Finished circuit initialization process.
@3000:$ 8 <= 0000366d
@3004:$ 9 <= 00006731
@3008:$10 <= 00001246
@300c:$10 <= ce620000
@3010:$10 <= 00000000
@3014:*0000001c <= 366d0000
@3018:$ 9 <= 54ba0000
@301c:$ 9 <= 000068ce
@3020:$ 9 <= 0006cda0
@3024:$ 8 <= 00000000
@3028:*00000058 <= 00000000
@302c:$ 8 <= 00000000
@3030:$ 8 <= 00000000
@3034:$ 9 <= 00000000
@3038:$ 9 <= 00000000
@303c:$10 <= 64490000
@3040:$10 <= 00006449
@3044:$ 8 <= 00000000
@3048:$ 8 <= 00000000
@304c:$ 9 <= 000059fd
@3050:$10 <= 00000000
@3054:$ 8 <= 00000000
@3058:$ 9 <= 00000000
@305c:$10 <= 50e30000
@3060:$ 9 <= 00000001
@3064:$ 8 <= 0000169a
@3068:$ 8 <= 510d0000
@306c:$ 9 <= 00000000
@3070:$ 8 <= 00000000
@3074:*00000018 <= 00000000
@3078:$ 8 <= 00000000
@307c:$ 9 <= 00000000
@3080:*00000014 <= 50e30000
@3084:$10 <= 00005358
@3088:*00000024 <= 00000000
@308c:$ 8 <= 00000000
@3090:*0000001c <= 366d5358
@3094:*00000058 <= 00005358
@3098:$ 9 <= 00000000
@309c:$10 <= 00000000
@30a0:$ 8 <= 00000000
@30a4:$ 8 <= 00000000
@30a8:$ 8 <= 00000000
@30ac:$ 8 <= 0000366d
@30b0:$ 9 <= 00006731
@30b4:$10 <= 00001246
@30b8:$10 <= ce620000
@30bc:$10 <= 00000000
@30c0:*0000001c <= 366d5358
@30c4:$ 9 <= 54ba0000
@30c8:$ 9 <= 000068ce
@30cc:$ 9 <= 0006cda0
@30d0:$ 8 <= 00000000
@30d4:*00000058 <= 00005300
@30d8:$ 8 <= 00000000
@30dc:$ 8 <= 00000000
@30e0:$ 9 <= 00000000
@30e4:$ 9 <= 00000000
@30e8:$10 <= 64490000
@30ec:$10 <= 00006449
@30f0:$ 8 <= 00000000
@30f4:$ 8 <= 00000000
@30f8:$ 9 <= 000059fd
@30fc:$10 <= 00000000
@3100:$ 8 <= 00000000
@3104:$ 9 <= 00000053
@3108:$10 <= 50e30000
@310c:$ 9 <= 00000001
@3110:$ 8 <= 0000169a
@3114:$ 8 <= 510d0000
@3118:$ 9 <= 00000000
@311c:$ 8 <= 00000000
@3120:*00000018 <= 00000000
@3124:$ 8 <= 00000000
@3128:$ 9 <= 00000000
@312c:*00000014 <= 50e30000
@3130:$10 <= 00005358
@3134:*00000024 <= 00000000
@3138:$ 8 <= 00000000
@313c:*0000001c <= 366d5358
@3140:*00000058 <= 00005358
@3144:$ 9 <= 00000000
@3148:$10 <= 00000000
@314c:$ 8 <= 00000000
@3150:$ 8 <= 00000000
@3154:$ 8 <= 00000000
@3158:$ 8 <= 0000366d
@315c:$ 9 <= 00006731
@3160:$10 <= 00001246
@3164:$10 <= ce620000
@3168:$10 <= 00000000
@316c:*0000001c <= 366d5358
@3170:$ 9 <= 54ba0000
@3174:$ 9 <= 000068ce
@3178:$ 9 <= 0006cda0
@317c:$ 8 <= 00000000
@3180:*00000058 <= 00005300
@3184:$ 8 <= 00000000
@3188:$ 8 <= 00000000
@318c:$ 9 <= 00000000
@3190:$ 9 <= 00000000
@3194:$10 <= 64490000
@3198:$10 <= 00006449
@319c:$ 8 <= 00000000
@31a0:$ 8 <= 00000000
@31a4:$ 9 <= 000059fd
@31a8:$10 <= 00000000
@31ac:$ 8 <= 00000000
@31b0:$ 9 <= 00000053
@31b4:$10 <= 50e30000
@31b8:$ 9 <= 00000001
@31bc:$ 8 <= 0000169a
@31c0:$ 8 <= 510d0000
@31c4:$ 9 <= 00000000
@31c8:$ 8 <= 00000000
@31cc:*00000018 <= 00000000
@31d0:$ 8 <= 00000000
@31d4:$ 9 <= 00000000
@31d8:*00000014 <= 50e30000
@31dc:$10 <= 00005358
@31e0:*00000024 <= 00000000
@31e4:$ 8 <= 00000000
@31e8:*0000001c <= 366d5358
@31ec:*00000058 <= 00005358
@31f0:$ 9 <= 00000000
@31f4:$10 <= 00000000
@31f8:$ 8 <= 00000000
@31fc:$ 8 <= 00000000
@3200:$ 8 <= 00000000
@3204:$ 8 <= 0000366d
@3208:$ 9 <= 00006731
@320c:$10 <= 00001246
@3210:$10 <= ce620000
@3214:$10 <= 00000000
@3218:*0000001c <= 366d5358
@321c:$ 9 <= 54ba0000
@3220:$ 9 <= 000068ce
@3224:$ 9 <= 0006cda0
@3228:$ 8 <= 00000000
@322c:*00000058 <= 00005300
@3230:$ 8 <= 00000000
@3234:$ 8 <= 00000000
@3238:$ 9 <= 00000000
@323c:$ 9 <= 00000000
@3240:$10 <= 64490000
@3244:$10 <= 00006449
@3248:$ 8 <= 00000000
@324c:$ 8 <= 00000000
@3250:$ 9 <= 000059fd
@3254:$10 <= 00000000
@3258:$ 8 <= 00000000
@325c:$ 9 <= 00000053
@3260:$10 <= 50e30000
@3264:$ 9 <= 00000001
@3268:$ 8 <= 0000169a
@326c:$ 8 <= 510d0000
@3270:$ 9 <= 00000000
@3274:$ 8 <= 00000000
@3278:*00000018 <= 00000000
@327c:$ 8 <= 00000000
@3280:$ 9 <= 00000000
@3284:*00000014 <= 50e30000
@3288:$10 <= 00005358
@328c:*00000024 <= 00000000
@3290:$ 8 <= 00000000
@3294:*0000001c <= 366d5358
@3298:*00000058 <= 00005358
@329c:$ 9 <= 00000000
@32a0:$10 <= 00000000
@32a4:$ 8 <= 00000000
@32a8:$ 8 <= 00000000
@32ac:$ 8 <= 00000000
@32b0:$ 8 <= 0000366d
@32b4:$ 9 <= 00006731
@32b8:$10 <= 00001246
@32bc:$10 <= ce620000
@32c0:$10 <= 00000000
@32c4:*0000001c <= 366d5358
@32c8:$ 9 <= 54ba0000
@32cc:$ 9 <= 000068ce
@32d0:$ 9 <= 0006cda0
@32d4:$ 8 <= 00000000
@32d8:*00000058 <= 00005300
@32dc:$ 8 <= 00000000
@32e0:$ 8 <= 00000000
@32e4:$ 9 <= 00000000
@32e8:$ 9 <= 00000000
@32ec:$10 <= 64490000
@32f0:$10 <= 00006449
@32f4:$ 8 <= 00000000
@32f8:$ 8 <= 00000000
@32fc:$ 9 <= 000059fd
@3300:$10 <= 00000000
@3304:$ 8 <= 00000000
@3308:$ 9 <= 00000053
@330c:$10 <= 50e30000
@3310:$ 9 <= 00000001
@3314:$ 8 <= 0000169a
@3318:$ 8 <= 510d0000
@331c:$ 9 <= 00000000
@3320:$ 8 <= 00000000
@3324:*00000018 <= 00000000
@3328:$ 8 <= 00000000
@332c:$ 9 <= 00000000
@3330:*00000014 <= 50e30000
@3334:$10 <= 00005358
@3338:*00000024 <= 00000000
@333c:$ 8 <= 00000000
@3340:*0000001c <= 366d5358
@3344:*00000058 <= 00005358
@3348:$ 9 <= 00000000
@334c:$10 <= 00000000
@3350:$ 8 <= 00000000
@3354:$ 8 <= 00000000
@3358:$ 8 <= 00000000
@335c:$ 8 <= 0000366d
@3360:$ 9 <= 00006731
@3364:$10 <= 00001246
@3368:$10 <= ce620000
@336c:$10 <= 00000000
@3370:*0000001c <= 366d5358
@3374:$ 9 <= 54ba0000
@3378:$ 9 <= 000068ce
@337c:$ 9 <= 0006cda0
@3380:$ 8 <= 00000000
@3384:*00000058 <= 00005300
@3388:$ 8 <= 00000000
@338c:$ 8 <= 00000000
@3390:$ 9 <= 00000000
@3394:$ 9 <= 00000000
@3398:$10 <= 64490000
@339c:$10 <= 00006449
@33a0:$ 8 <= 00000000
@33a4:$ 8 <= 00000000
@33a8:$ 9 <= 000059fd
@33ac:$10 <= 00000000
@33b0:$ 8 <= 00000000
@33b4:$ 9 <= 00000053
@33b8:$10 <= 50e30000
@33bc:$ 9 <= 00000001
@33c0:$ 8 <= 0000169a
@33c4:$ 8 <= 510d0000
@33c8:$ 9 <= 00000000
@33cc:$ 8 <= 00000000
@33d0:*00000018 <= 00000000
@33d4:$ 8 <= 00000000
@33d8:$ 9 <= 00000000
@33dc:*00000014 <= 50e30000
@33e0:$10 <= 00005358
@33e4:*00000024 <= 00000000
@33e8:$ 8 <= 00000000
@33ec:*0000001c <= 366d5358
@33f0:*00000058 <= 00005358
@33f4:$ 9 <= 00000000
@33f8:$10 <= 00000000
@33fc:$ 8 <= 00000000
@3400:$ 8 <= 00000000
@3404:$ 8 <= 00000000
@3408:$ 8 <= 0000366d
@340c:$ 9 <= 00006731
@3410:$10 <= 00001246
@3414:$10 <= ce620000
@3418:$10 <= 00000000
@341c:*0000001c <= 366d5358
@3420:$ 9 <= 54ba0000
@3424:$ 9 <= 000068ce
@3428:$ 9 <= 0006cda0
@342c:$ 8 <= 00000000
@3430:*00000058 <= 00005300
@3434:$ 8 <= 00000000
@3438:$ 8 <= 00000000
@343c:$ 9 <= 00000000
@3440:$ 9 <= 00000000
@3444:$10 <= 64490000
@3448:$10 <= 00006449
@344c:$ 8 <= 00000000
@3450:$ 8 <= 00000000
@3454:$ 9 <= 000059fd
@3458:$10 <= 00000000
@345c:$ 8 <= 00000000
@3460:$ 9 <= 00000053
@3464:$10 <= 50e30000
@3468:$ 9 <= 00000001
@346c:$ 8 <= 0000169a
@3470:$ 8 <= 510d0000
@3474:$ 9 <= 00000000
@3478:$ 8 <= 00000000
@347c:*00000018 <= 00000000
@3480:$ 8 <= 00000000
@3484:$ 9 <= 00000000
@3488:*00000014 <= 50e30000
@348c:$10 <= 00005358
@3490:*00000024 <= 00000000
@3494:$ 8 <= 00000000
@3498:*0000001c <= 366d5358
@349c:*00000058 <= 00005358
@34a0:$ 9 <= 00000000
@34a4:$10 <= 00000000
@34a8:$ 8 <= 00000000
@34ac:$ 8 <= 00000000
@34b0:$ 8 <= 00000000
@34b4:$ 8 <= 0000366d
@34b8:$ 9 <= 00006731
@34bc:$10 <= 00001246
@34c0:$10 <= ce620000
@34c4:$10 <= 00000000
@34c8:*0000001c <= 366d5358
@34cc:$ 9 <= 54ba0000
@34d0:$ 9 <= 000068ce
@34d4:$ 9 <= 0006cda0
@34d8:$ 8 <= 00000000
@34dc:*00000058 <= 00005300
@34e0:$ 8 <= 00000000
@34e4:$ 8 <= 00000000
@34e8:$ 9 <= 00000000
@34ec:$ 9 <= 00000000
@34f0:$10 <= 64490000
@34f4:$10 <= 00006449
@34f8:$ 8 <= 00000000
@34fc:$ 8 <= 00000000
@3500:$ 9 <= 000059fd
@3504:$10 <= 00000000
@3508:$ 8 <= 00000000
@350c:$ 9 <= 00000053
@3510:$10 <= 50e30000
@3514:$ 9 <= 00000001
@3518:$ 8 <= 0000169a
@351c:$ 8 <= 510d0000
@3520:$ 9 <= 00000000
@3524:$ 8 <= 00000000
@3528:*00000018 <= 00000000
@352c:$ 8 <= 00000000
@3530:$ 9 <= 00000000
@3534:*00000014 <= 50e30000
@3538:$10 <= 00005358
@353c:*00000024 <= 00000000
@3540:$ 8 <= 00000000
@3544:*0000001c <= 366d5358
@3548:*00000058 <= 00005358
@354c:$ 9 <= 00000000
@3550:$10 <= 00000000
@3554:$ 8 <= 00000000
@3558:$ 8 <= 00000000
@355c:$ 8 <= 00000000
@3560:$ 8 <= 0000366d
@3564:$ 9 <= 00006731
@3568:$10 <= 00001246
@356c:$10 <= ce620000
@3570:$10 <= 00000000
@3574:*0000001c <= 366d5358
@3578:$ 9 <= 54ba0000
@357c:$ 9 <= 000068ce
@3580:$ 9 <= 0006cda0
@3584:$ 8 <= 00000000
@3588:*00000058 <= 00005300
@358c:$ 8 <= 00000000
@3590:$ 8 <= 00000000
@3594:$ 9 <= 00000000
@3598:$ 9 <= 00000000
@359c:$10 <= 64490000
@35a0:$10 <= 00006449
@35a4:$ 8 <= 00000000
@35a8:$ 8 <= 00000000
@35ac:$ 9 <= 000059fd
@35b0:$10 <= 00000000
@35b4:$ 8 <= 00000000
@35b8:$ 9 <= 00000053
@35bc:$10 <= 50e30000
@35c0:$ 9 <= 00000001
@35c4:$ 8 <= 0000169a
@35c8:$ 8 <= 510d0000
@35cc:$ 9 <= 00000000
@35d0:$ 8 <= 00000000
@35d4:*00000018 <= 00000000
@35d8:$ 8 <= 00000000
@35dc:$ 9 <= 00000000
@35e0:*00000014 <= 50e30000
@35e4:$10 <= 00005358
@35e8:*00000024 <= 00000000
@35ec:$ 8 <= 00000000
@35f0:*0000001c <= 366d5358
@35f4:*00000058 <= 00005358
@35f8:$ 9 <= 00000000
@35fc:$10 <= 00000000
@3600:$ 8 <= 00000000
@3604:$ 8 <= 00000000
@3608:$ 8 <= 00000000
@360c:$ 8 <= 0000366d
@3610:$ 9 <= 00006731
@3614:$10 <= 00001246
@3618:$10 <= ce620000
@361c:$10 <= 00000000
@3620:*0000001c <= 366d5358
@3624:$ 9 <= 54ba0000
@3628:$ 9 <= 000068ce
@362c:$ 9 <= 0006cda0
@3630:$ 8 <= 00000000
@3634:*00000058 <= 00005300
@3638:$ 8 <= 00000000
@363c:$ 8 <= 00000000
@3640:$ 9 <= 00000000
@3644:$ 9 <= 00000000
@3648:$10 <= 64490000
@364c:$10 <= 00006449
@3650:$ 8 <= 00000000
@3654:$ 8 <= 00000000
@3658:$ 9 <= 000059fd
@365c:$10 <= 00000000
@3660:$ 8 <= 00000000
@3664:$ 9 <= 00000053
@3668:$10 <= 50e30000
@366c:$ 9 <= 00000001
@3670:$ 8 <= 0000169a
@3674:$ 8 <= 510d0000
@3678:$ 9 <= 00000000
@367c:$ 8 <= 00000000
@3680:*00000018 <= 00000000
@3684:$ 8 <= 00000000
@3688:$ 9 <= 00000000
@368c:*00000014 <= 50e30000
@3690:$10 <= 00005358
@3694:*00000024 <= 00000000
@3698:$ 8 <= 00000000
@369c:*0000001c <= 366d5358
@36a0:*00000058 <= 00005358
@36a4:$ 9 <= 00000000
@36a8:$10 <= 00000000
@36ac:$ 8 <= 00000000
@36b0:$ 8 <= 00000000
@36b4:$ 8 <= 00000000
@36b8:$ 8 <= 0000366d
@36bc:$ 9 <= 00006731
@36c0:$10 <= 00001246
@36c4:$10 <= ce620000
@36c8:$10 <= 00000000
@36cc:*0000001c <= 366d5358
@36d0:$ 9 <= 54ba0000
@36d4:$ 9 <= 000068ce
@36d8:$ 9 <= 0006cda0
@36dc:$ 8 <= 00000000
@36e0:*00000058 <= 00005300
@36e4:$ 8 <= 00000000
@36e8:$ 8 <= 00000000
@36ec:$ 9 <= 00000000
@36f0:$ 9 <= 00000000
@36f4:$10 <= 64490000
@36f8:$10 <= 00006449
@36fc:$ 8 <= 00000000
@3700:$ 8 <= 00000000
@3704:$ 9 <= 000059fd
@3708:$10 <= 00000000
@370c:$ 8 <= 00000000
@3710:$ 9 <= 00000053
@3714:$10 <= 50e30000
@3718:$ 9 <= 00000001
@371c:$ 8 <= 0000169a
@3720:$ 8 <= 510d0000
@3724:$ 9 <= 00000000
@3728:$ 8 <= 00000000
@372c:*00000018 <= 00000000
@3730:$ 8 <= 00000000
@3734:$ 9 <= 00000000
@3738:*00000014 <= 50e30000
@373c:$10 <= 00005358
@3740:*00000024 <= 00000000
@3744:$ 8 <= 00000000
@3748:*0000001c <= 366d5358
@374c:*00000058 <= 00005358
@3750:$ 9 <= 00000000
@3754:$10 <= 00000000
@3758:$ 8 <= 00000000
@375c:$ 8 <= 00000000
@3760:$ 8 <= 00000000
@3764:$ 8 <= 0000366d
@3768:$ 9 <= 00006731
@376c:$10 <= 00001246
@3770:$10 <= ce620000
@3774:$10 <= 00000000
@3778:*0000001c <= 366d5358
@377c:$ 9 <= 54ba0000
@3780:$ 9 <= 000068ce
@3784:$ 9 <= 0006cda0
@3788:$ 8 <= 00000000
@378c:*00000058 <= 00005300
@3790:$ 8 <= 00000000
@3794:$ 8 <= 00000000
@3798:$ 9 <= 00000000
@379c:$ 9 <= 00000000
@37a0:$10 <= 64490000
@37a4:$10 <= 00006449
@37a8:$ 8 <= 00000000
@37ac:$ 8 <= 00000000
@37b0:$ 9 <= 000059fd
@37b4:$10 <= 00000000
@37b8:$ 8 <= 00000000
@37bc:$ 9 <= 00000053
@37c0:$10 <= 50e30000
@37c4:$ 9 <= 00000001
@37c8:$ 8 <= 0000169a
@37cc:$ 8 <= 510d0000
@37d0:$ 9 <= 00000000
@37d4:$ 8 <= 00000000
@37d8:*00000018 <= 00000000
@37dc:$ 8 <= 00000000
@37e0:$ 9 <= 00000000
@37e4:*00000014 <= 50e30000
@37e8:$10 <= 00005358
@37ec:*00000024 <= 00000000
@37f0:$ 8 <= 00000000
@37f4:*0000001c <= 366d5358
@37f8:*00000058 <= 00005358
@37fc:$ 9 <= 00000000
@3800:$10 <= 00000000
@3804:$ 8 <= 00000000
@3808:$ 8 <= 00000000
@380c:$ 8 <= 00000000
@3810:$ 8 <= 0000366d
@3814:$ 9 <= 00006731
@3818:$10 <= 00001246
@381c:$10 <= ce620000
@3820:$10 <= 00000000
@3824:*0000001c <= 366d5358
@3828:$ 9 <= 54ba0000
@382c:$ 9 <= 000068ce
@3830:$ 9 <= 0006cda0
@3834:$ 8 <= 00000000
@3838:*00000058 <= 00005300
@383c:$ 8 <= 00000000
@3840:$ 8 <= 00000000
@3844:$ 9 <= 00000000
@3848:$ 9 <= 00000000
@384c:$10 <= 64490000
@3850:$10 <= 00006449
@3854:$ 8 <= 00000000
@3858:$ 8 <= 00000000
@385c:$ 9 <= 000059fd
@3860:$10 <= 00000000
@3864:$ 8 <= 00000000
@3868:$ 9 <= 00000053
@386c:$10 <= 50e30000
@3870:$ 9 <= 00000001
@3874:$ 8 <= 0000169a
@3878:$ 8 <= 510d0000
@387c:$ 9 <= 00000000
@3880:$ 8 <= 00000000
@3884:*00000018 <= 00000000
@3888:$ 8 <= 00000000
@388c:$ 9 <= 00000000
@3890:*00000014 <= 50e30000
@3894:$10 <= 00005358
@3898:*00000024 <= 00000000
@389c:$ 8 <= 00000000
@38a0:*0000001c <= 366d5358
@38a4:*00000058 <= 00005358
@38a8:$ 9 <= 00000000
@38ac:$10 <= 00000000
@38b0:$ 8 <= 00000000
@38b4:$ 8 <= 00000000
@38b8:$ 8 <= 00000000
@38bc:$ 8 <= 0000366d
@38c0:$ 9 <= 00006731
@38c4:$10 <= 00001246
@38c8:$10 <= ce620000
@38cc:$10 <= 00000000
@38d0:*0000001c <= 366d5358
@38d4:$ 9 <= 54ba0000
@38d8:$ 9 <= 000068ce
@38dc:$ 9 <= 0006cda0
@38e0:$ 8 <= 00000000
@38e4:*00000058 <= 00005300
@38e8:$ 8 <= 00000000
@38ec:$ 8 <= 00000000
@38f0:$ 9 <= 00000000
@38f4:$ 9 <= 00000000
@38f8:$10 <= 64490000
@38fc:$10 <= 00006449
@3900:$ 8 <= 00000000
@3904:$ 8 <= 00000000
@3908:$ 9 <= 000059fd
@390c:$10 <= 00000000
@3910:$ 8 <= 00000000
@3914:$ 9 <= 00000053
@3918:$10 <= 50e30000
@391c:$ 9 <= 00000001
@3920:$ 8 <= 0000169a
@3924:$ 8 <= 510d0000
@3928:$ 9 <= 00000000
@392c:$ 8 <= 00000000
@3930:*00000018 <= 00000000
@3934:$ 8 <= 00000000
@3938:$ 9 <= 00000000
@393c:*00000014 <= 50e30000
@3940:$10 <= 00005358
@3944:*00000024 <= 00000000
@3948:$ 8 <= 00000000
@394c:*0000001c <= 366d5358
@3950:*00000058 <= 00005358
@3954:$ 9 <= 00000000
@3958:$10 <= 00000000
@395c:$ 8 <= 00000000
@3960:$ 8 <= 00000000
@3964:$ 8 <= 00000000
@3968:$ 8 <= 0000366d
@396c:$ 9 <= 00006731
@3970:$10 <= 00001246
@3974:$10 <= ce620000
@3978:$10 <= 00000000
@397c:*0000001c <= 366d5358
@3980:$ 9 <= 54ba0000
@3984:$ 9 <= 000068ce
@3988:$ 9 <= 0006cda0
@398c:$ 8 <= 00000000
@3990:*00000058 <= 00005300
@3994:$ 8 <= 00000000
@3998:$ 8 <= 00000000
@399c:$ 9 <= 00000000
@39a0:$ 9 <= 00000000
@39a4:$10 <= 64490000
@39a8:$10 <= 00006449
@39ac:$ 8 <= 00000000
@39b0:$ 8 <= 00000000
@39b4:$ 9 <= 000059fd
@39b8:$10 <= 00000000
@39bc:$ 8 <= 00000000
@39c0:$ 9 <= 00000053
@39c4:$10 <= 50e30000
@39c8:$ 9 <= 00000001
@39cc:$ 8 <= 0000169a
@39d0:$ 8 <= 510d0000
@39d4:$ 9 <= 00000000
@39d8:$ 8 <= 00000000
@39dc:*00000018 <= 00000000
@39e0:$ 8 <= 00000000
@39e4:$ 9 <= 00000000
@39e8:*00000014 <= 50e30000
@39ec:$10 <= 00005358
@39f0:*00000024 <= 00000000
@39f4:$ 8 <= 00000000
@39f8:*0000001c <= 366d5358
@39fc:*00000058 <= 00005358
@3a00:$ 9 <= 00000000
@3a04:$10 <= 00000000
@3a08:$ 8 <= 00000000
@3a0c:$ 8 <= 00000000
@3a10:$ 8 <= 00000000
@3a14:$ 8 <= 0000366d
@3a18:$ 9 <= 00006731
@3a1c:$10 <= 00001246
@3a20:$10 <= ce620000
@3a24:$10 <= 00000000
@3a28:*0000001c <= 366d5358
@3a2c:$ 9 <= 54ba0000
@3a30:$ 9 <= 000068ce
@3a34:$ 9 <= 0006cda0
@3a38:$ 8 <= 00000000
@3a3c:*00000058 <= 00005300
@3a40:$ 8 <= 00000000
@3a44:$ 8 <= 00000000
@3a48:$ 9 <= 00000000
@3a4c:$ 9 <= 00000000
@3a50:$10 <= 64490000
@3a54:$10 <= 00006449
@3a58:$ 8 <= 00000000
@3a5c:$ 8 <= 00000000
@3a60:$ 9 <= 000059fd
@3a64:$10 <= 00000000
@3a68:$ 8 <= 00000000
@3a6c:$ 9 <= 00000053
@3a70:$10 <= 50e30000
@3a74:$ 9 <= 00000001
@3a78:$ 8 <= 0000169a
@3a7c:$ 8 <= 510d0000
@3a80:$ 9 <= 00000000
@3a84:$ 8 <= 00000000
@3a88:*00000018 <= 00000000
@3a8c:$ 8 <= 00000000
@3a90:$ 9 <= 00000000
@3a94:*00000014 <= 50e30000
@3a98:$10 <= 00005358
@3a9c:*00000024 <= 00000000
@3aa0:$ 8 <= 00000000
@3aa4:*0000001c <= 366d5358
@3aa8:*00000058 <= 00005358
@3aac:$ 9 <= 00000000
@3ab0:$10 <= 00000000
@3ab4:$ 8 <= 00000000
@3ab8:$ 8 <= 00000000
@3abc:$ 8 <= 00000000
@3ac0:$ 8 <= 0000366d
@3ac4:$ 9 <= 00006731
@3ac8:$10 <= 00001246
@3acc:$10 <= ce620000
@3ad0:$10 <= 00000000
@3ad4:*0000001c <= 366d5358
@3ad8:$ 9 <= 54ba0000
@3adc:$ 9 <= 000068ce
@3ae0:$ 9 <= 0006cda0
@3ae4:$ 8 <= 00000000
@3ae8:*00000058 <= 00005300
@3aec:$ 8 <= 00000000
@3af0:$ 8 <= 00000000
@3af4:$ 9 <= 00000000
@3af8:$ 9 <= 00000000
@3afc:$10 <= 64490000
@3b00:$10 <= 00006449
@3b04:$ 8 <= 00000000
@3b08:$ 8 <= 00000000
@3b0c:$ 9 <= 000059fd
@3b10:$10 <= 00000000
@3b14:$ 8 <= 00000000
@3b18:$ 9 <= 00000053
@3b1c:$10 <= 50e30000
@3b20:$ 9 <= 00000001
@3b24:$ 8 <= 0000169a
@3b28:$ 8 <= 510d0000
@3b2c:$ 9 <= 00000000
@3b30:$ 8 <= 00000000
@3b34:*00000018 <= 00000000
@3b38:$ 8 <= 00000000
@3b3c:$ 9 <= 00000000
@3b40:*00000014 <= 50e30000
@3b44:$10 <= 00005358
@3b48:*00000024 <= 00000000
@3b4c:$ 8 <= 00000000
@3b50:*0000001c <= 366d5358
@3b54:*00000058 <= 00005358
@3b58:$ 9 <= 00000000
@3b5c:$10 <= 00000000
@3b60:$ 8 <= 00000000
@3b64:$ 8 <= 00000000
@3b68:$ 8 <= 00000000
@3b6c:$ 8 <= 0000366d
@3b70:$ 9 <= 00006731
@3b74:$10 <= 00001246
@3b78:$10 <= ce620000
@3b7c:$10 <= 00000000
@3b80:*0000001c <= 366d5358
@3b84:$ 9 <= 54ba0000
@3b88:$ 9 <= 000068ce
@3b8c:$ 9 <= 0006cda0
@3b90:$ 8 <= 00000000
@3b94:*00000058 <= 00005300
@3b98:$ 8 <= 00000000
@3b9c:$ 8 <= 00000000
@3ba0:$ 9 <= 00000000
@3ba4:$ 9 <= 00000000
@3ba8:$10 <= 64490000
@3bac:$10 <= 00006449
@3bb0:$ 8 <= 00000000
@3bb4:$ 8 <= 00000000
@3bb8:$ 9 <= 000059fd
@3bbc:$10 <= 00000000
@3bc0:$ 8 <= 00000000
@3bc4:$ 9 <= 00000053
@3bc8:$10 <= 50e30000
@3bcc:$ 9 <= 00000001
@3bd0:$ 8 <= 0000169a
@3bd4:$ 8 <= 510d0000
@3bd8:$ 9 <= 00000000
@3bdc:$ 8 <= 00000000
@3be0:*00000018 <= 00000000
@3be4:$ 8 <= 00000000
@3be8:$ 9 <= 00000000
@3bec:*00000014 <= 50e30000
@3bf0:$10 <= 00005358
@3bf4:*00000024 <= 00000000
@3bf8:$ 8 <= 00000000
@3bfc:*0000001c <= 366d5358
@3c00:*00000058 <= 00005358
@3c04:$ 9 <= 00000000
@3c08:$10 <= 00000000
@3c0c:$ 8 <= 00000000
@3c10:$ 8 <= 00000000
@3c14:$ 8 <= 00000000
@3c18:$ 8 <= 0000366d
@3c1c:$ 9 <= 00006731
@3c20:$10 <= 00001246
@3c24:$10 <= ce620000
@3c28:$10 <= 00000000
@3c2c:*0000001c <= 366d5358
@3c30:$ 9 <= 54ba0000
@3c34:$ 9 <= 000068ce
@3c38:$ 9 <= 0006cda0
@3c3c:$ 8 <= 00000000
@3c40:*00000058 <= 00005300
@3c44:$ 8 <= 00000000
@3c48:$ 8 <= 00000000
@3c4c:$ 9 <= 00000000
@3c50:$ 9 <= 00000000
@3c54:$10 <= 64490000
@3c58:$10 <= 00006449
@3c5c:$ 8 <= 00000000
@3c60:$ 8 <= 00000000
@3c64:$ 9 <= 000059fd
@3c68:$10 <= 00000000
@3c6c:$ 8 <= 00000000
@3c70:$ 9 <= 00000053
@3c74:$10 <= 50e30000
@3c78:$ 9 <= 00000001
@3c7c:$ 8 <= 0000169a
@3c80:$ 8 <= 510d0000
@3c84:$ 9 <= 00000000
@3c88:$ 8 <= 00000000
@3c8c:*00000018 <= 00000000
@3c90:$ 8 <= 00000000
@3c94:$ 9 <= 00000000
@3c98:*00000014 <= 50e30000
@3c9c:$10 <= 00005358
@3ca0:*00000024 <= 00000000
@3ca4:$ 8 <= 00000000
@3ca8:*0000001c <= 366d5358
@3cac:*00000058 <= 00005358
@3cb0:$ 9 <= 00000000
@3cb4:$10 <= 00000000
@3cb8:$ 8 <= 00000000
@3cbc:$ 8 <= 00000000
@3cc0:$ 8 <= 00000000
@3cc4:$ 8 <= 0000366d
@3cc8:$ 9 <= 00006731
@3ccc:$10 <= 00001246
@3cd0:$10 <= ce620000
@3cd4:$10 <= 00000000
@3cd8:*0000001c <= 366d5358
@3cdc:$ 9 <= 54ba0000
@3ce0:$ 9 <= 000068ce
@3ce4:$ 9 <= 0006cda0
@3ce8:$ 8 <= 00000000
@3cec:*00000058 <= 00005300
@3cf0:$ 8 <= 00000000
@3cf4:$ 8 <= 00000000
@3cf8:$ 9 <= 00000000
@3cfc:$ 9 <= 00000000
@3d00:$10 <= 64490000
@3d04:$10 <= 00006449
@3d08:$ 8 <= 00000000
@3d0c:$ 8 <= 00000000
@3d10:$ 9 <= 000059fd
@3d14:$10 <= 00000000
@3d18:$ 8 <= 00000000
@3d1c:$ 9 <= 00000053
@3d20:$10 <= 50e30000
@3d24:$ 9 <= 00000001
@3d28:$ 8 <= 0000169a
@3d2c:$ 8 <= 510d0000
@3d30:$ 9 <= 00000000
@3d34:$ 8 <= 00000000
@3d38:*00000018 <= 00000000
@3d3c:$ 8 <= 00000000
@3d40:$ 9 <= 00000000
@3d44:*00000014 <= 50e30000
@3d48:$10 <= 00005358
@3d4c:*00000024 <= 00000000
@3d50:$ 8 <= 00000000
@3d54:*0000001c <= 366d5358
@3d58:*00000058 <= 00005358
@3d5c:$ 9 <= 00000000
@3d60:$10 <= 00000000
@3d64:$ 8 <= 00000000
@3d68:$ 8 <= 00000000
@3d6c:$ 8 <= 00000000
